2025-03-19 06:46:27 - INFO - Uruchamiam moduł: traffic_monitor
2025-03-19 06:46:29 - INFO - Uruchamiam moduł: bandwidth_limiter
2025-03-19 06:46:29 - INFO - Monitorowanie ruchu zostało uruchomione.
2025-03-19 06:46:30 - INFO - Uruchamiam moduł: syn_flood
2025-03-19 06:46:31 - INFO - Uruchamiam moduł: udp_flood
2025-03-19 06:46:32 - INFO - Uruchamiam moduł: dns_ampl
2025-03-19 06:46:37 - INFO - Uruchamiam moduł: ntp_ampl
2025-03-19 06:46:37 - INFO - Ochrona przed NTP Amplification została uruchomiona.
2025-03-19 06:46:38 - INFO - Uruchamiam moduł: bypass_protection
2025-03-19 06:46:38 - INFO - Bypass Protection System został uruchomiony.
2025-03-25 07:07:58 - INFO - Uruchamiam moduł: dns_ampl
2025-03-25 07:31:26 - INFO - Zatrzymuję moduł: dns_ampl
2025-03-25 07:54:21 - INFO - Uruchamiam moduł: traffic_monitor
2025-03-25 08:08:08 - INFO - Uruchamiam moduł: traffic_monitor
2025-03-26 13:35:33 - INFO - Uruchamiam moduł: network_traffic
2025-03-26 13:38:32 - INFO - Uruchamiam moduł: syn_flood
2025-03-26 13:38:36 - INFO - Zatrzymuję moduł: syn_flood
2025-03-29 08:37:17 - ACL.System - INFO - app.py:118 - Uruchamiam moduł: traffic_monitor
2025-03-29 08:39:15 - ACL.System - INFO - app.py:118 - Uruchamiam moduł: traffic_monitor
2025-03-29 09:26:08 - ACL.System - INFO - app.py:119 - Uruchamiam moduł: traffic_monitor
2025-03-29 09:28:07 - ACL.System - INFO - app.py:131 - Zatrzymuję moduł: traffic_monitor
2025-03-29 09:28:09 - ACL.System - INFO - app.py:131 - Zatrzymuję moduł: traffic_monitor
2025-03-29 09:28:10 - ACL.System - INFO - app.py:131 - Zatrzymuję moduł: traffic_monitor
2025-03-29 09:28:10 - ACL.System - INFO - app.py:131 - Zatrzymuję moduł: traffic_monitor
2025-03-29 09:28:20 - ACL.System - INFO - app.py:119 - Uruchamiam moduł: bandwidth_limiter
2025-03-29 09:28:20 - ACL.System - INFO - bandwidth_limiter.py:55 - Monitorowanie ruchu zostało uruchomione.
2025-03-29 09:28:25 - ACL.System - INFO - app.py:131 - Zatrzymuję moduł: bandwidth_limiter
2025-03-29 09:28:25 - ACL.System - INFO - bandwidth_limiter.py:73 - Monitorowanie ruchu zostało zatrzymane.
2025-03-29 09:28:26 - ACL.System - INFO - app.py:131 - Zatrzymuję moduł: bandwidth_limiter
2025-03-29 09:28:33 - ACL.System - INFO - app.py:119 - Uruchamiam moduł: traffic_monitor
2025-03-29 09:35:47 - ACL.System - INFO - app.py:131 - Zatrzymuję moduł: traffic_monitor
2025-03-29 09:35:49 - ACL.System - INFO - app.py:131 - Zatrzymuję moduł: traffic_monitor
2025-03-29 09:35:50 - ACL.System - INFO - app.py:119 - Uruchamiam moduł: traffic_monitor
2025-03-29 09:36:04 - ACL.System - INFO - app.py:119 - Uruchamiam moduł: network_traffic
2025-03-29 09:36:31 - ACL.System - INFO - app.py:131 - Zatrzymuję moduł: network_traffic
2025-03-29 09:43:49 - ACL.System - INFO - app.py:131 - Zatrzymuję moduł: traffic_monitor
2025-03-29 09:43:50 - ACL.System - INFO - app.py:131 - Zatrzymuję moduł: traffic_monitor
2025-03-29 09:55:43 - ACL.System - INFO - app.py:119 - Uruchamiam moduł: syn_flood
2025-03-29 09:55:45 - ACL.System - INFO - app.py:131 - Zatrzymuję moduł: syn_flood
2025-03-29 09:55:46 - ACL.System - INFO - app.py:119 - Uruchamiam moduł: syn_flood
2025-03-29 09:55:47 - ACL.System - INFO - app.py:131 - Zatrzymuję moduł: syn_flood
2025-03-29 09:56:58 - ACL.System - INFO - app.py:119 - Uruchamiam moduł: ntp_ampl
2025-03-29 09:57:00 - ACL.System - INFO - app.py:131 - Zatrzymuję moduł: ntp_ampl
2025-03-29 14:17:06 - ACL.System - INFO - app.py:119 - Uruchamiam moduł: traffic_monitor
2025-03-29 14:17:15 - ACL.System - INFO - app.py:131 - Zatrzymuję moduł: ntp_ampl
2025-03-29 14:17:16 - ACL.System - INFO - app.py:131 - Zatrzymuję moduł: ntp_ampl
2025-03-29 14:17:16 - ACL.System - INFO - app.py:131 - Zatrzymuję moduł: ntp_ampl
2025-03-29 14:17:17 - ACL.System - INFO - app.py:131 - Zatrzymuję moduł: bandwidth_limiter
2025-03-29 14:17:23 - ACL.System - INFO - app.py:119 - Uruchamiam moduł: bandwidth_limiter
2025-03-29 14:17:23 - ACL.System - INFO - bandwidth_limiter.py:55 - Monitorowanie ruchu zostało uruchomione.
2025-03-29 14:17:31 - ACL.System - INFO - app.py:119 - Uruchamiam moduł: bandwidth_limiter
2025-03-29 14:17:31 - ACL.System - INFO - bandwidth_limiter.py:55 - Monitorowanie ruchu zostało uruchomione.
2025-03-29 14:18:01 - ACL.System - INFO - app.py:119 - Uruchamiam moduł: traffic_monitor
2025-03-29 14:18:06 - ACL.System - INFO - app.py:119 - Uruchamiam moduł: bandwidth_limiter
2025-03-29 14:18:06 - ACL.System - INFO - bandwidth_limiter.py:55 - Monitorowanie ruchu zostało uruchomione.
2025-03-29 14:18:07 - ACL.System - INFO - app.py:119 - Uruchamiam moduł: syn_flood
2025-03-29 14:18:11 - ACL.System - INFO - app.py:131 - Zatrzymuję moduł: syn_flood
2025-03-29 14:18:12 - ACL.System - INFO - app.py:131 - Zatrzymuję moduł: bandwidth_limiter
2025-03-29 14:18:12 - ACL.System - INFO - bandwidth_limiter.py:73 - Monitorowanie ruchu zostało zatrzymane.
2025-03-29 14:18:13 - ACL.System - INFO - app.py:131 - Zatrzymuję moduł: traffic_monitor
2025-03-29 14:18:14 - ACL.System - INFO - app.py:131 - Zatrzymuję moduł: bandwidth_limiter
2025-03-29 14:18:14 - ACL.System - INFO - app.py:131 - Zatrzymuję moduł: traffic_monitor
2025-03-29 14:59:10 - ACL.System - INFO - app.py:119 - Uruchamiam moduł: traffic_monitor
2025-03-29 15:00:57 - ACL.System - INFO - app.py:119 - Uruchamiam moduł: bandwidth_limiter
2025-03-29 15:00:57 - ACL.System - INFO - bandwidth_limiter.py:55 - Monitorowanie ruchu zostało uruchomione.
2025-03-29 15:01:22 - ACL.System - INFO - app.py:119 - Uruchamiam moduł: traffic_monitor
2025-03-29 15:01:23 - ACL.System - INFO - app.py:131 - Zatrzymuję moduł: traffic_monitor
2025-03-29 15:01:25 - ACL.System - INFO - app.py:131 - Zatrzymuję moduł: traffic_monitor
2025-03-29 15:02:39 - ACL.System - INFO - app.py:119 - Uruchamiam moduł: bandwidth_limiter
2025-03-29 15:02:39 - ACL.System - INFO - bandwidth_limiter.py:55 - Monitorowanie ruchu zostało uruchomione.
2025-03-29 15:02:41 - ACL.System - INFO - app.py:131 - Zatrzymuję moduł: bandwidth_limiter
2025-03-29 15:02:41 - ACL.System - INFO - bandwidth_limiter.py:73 - Monitorowanie ruchu zostało zatrzymane.
2025-03-29 15:02:42 - ACL.System - INFO - app.py:131 - Zatrzymuję moduł: bandwidth_limiter
2025-03-29 15:03:15 - ACL.System - INFO - app.py:119 - Uruchamiam moduł: traffic_monitor
2025-03-29 15:03:18 - ACL.System - INFO - app.py:131 - Zatrzymuję moduł: traffic_monitor
2025-03-29 15:03:34 - ACL.System - INFO - app.py:119 - Uruchamiam moduł: traffic_monitor
2025-03-29 15:06:11 - ACL.System - INFO - app.py:131 - Zatrzymuję moduł: traffic_monitor
2025-03-29 15:06:12 - ACL.System - INFO - app.py:131 - Zatrzymuję moduł: traffic_monitor
2025-03-29 15:06:13 - ACL.System - INFO - app.py:119 - Uruchamiam moduł: traffic_monitor
2025-03-29 15:06:56 - ACL.System - INFO - app.py:131 - Zatrzymuję moduł: traffic_monitor
2025-03-29 15:07:33 - ACL.System - INFO - app.py:119 - Uruchamiam moduł: traffic_monitor
2025-04-14 12:33:30 - ACL.System - INFO - app.py:118 - Uruchamiam moduł: traffic_monitor
2025-04-14 12:53:09 - ACL.System - INFO - app.py:118 - Uruchamiam moduł: bandwidth_limiter
2025-04-14 12:53:09 - ACL.System - INFO - bandwidth_limiter.py:55 - Monitorowanie ruchu zostało uruchomione.
2025-04-14 12:53:15 - ACL.System - INFO - app.py:130 - Zatrzymuję moduł: bandwidth_limiter
2025-04-14 12:53:15 - ACL.System - INFO - bandwidth_limiter.py:73 - Monitorowanie ruchu zostało zatrzymane.
2025-04-14 12:53:16 - ACL.System - INFO - app.py:130 - Zatrzymuję moduł: bandwidth_limiter
2025-04-14 12:53:30 - ACL.System - INFO - app.py:118 - Uruchamiam moduł: bandwidth_limiter
2025-04-14 12:53:30 - ACL.System - INFO - bandwidth_limiter.py:55 - Monitorowanie ruchu zostało uruchomione.
2025-04-14 12:53:35 - ACL.System - INFO - app.py:118 - Uruchamiam moduł: syn_flood
2025-04-14 12:53:38 - ACL.System - INFO - app.py:130 - Zatrzymuję moduł: syn_flood
2025-04-14 12:53:38 - ACL.System - INFO - app.py:130 - Zatrzymuję moduł: bandwidth_limiter
2025-04-14 12:53:38 - ACL.System - INFO - bandwidth_limiter.py:73 - Monitorowanie ruchu zostało zatrzymane.
2025-04-14 12:53:39 - ACL.System - INFO - app.py:130 - Zatrzymuję moduł: bandwidth_limiter
2025-04-14 13:29:09 - ACL.System - INFO - app.py:118 - Uruchamiam moduł: traffic_monitor
2025-04-14 13:29:42 - ACL.System - INFO - app.py:130 - Zatrzymuję moduł: traffic_monitor
2025-04-14 13:29:46 - ACL.System - INFO - app.py:130 - Zatrzymuję moduł: traffic_monitor
2025-04-15 08:00:12 - ACL.System - INFO - app.py:118 - Uruchamiam moduł: AI.ai_traffic_monitor
2025-04-15 08:09:34 - ACL.System - INFO - app.py:118 - Uruchamiam moduł: traffic_monitor
2025-04-15 08:09:38 - ACL.System - INFO - app.py:130 - Zatrzymuję moduł: traffic_monitor
2025-04-15 08:09:38 - ACL.System - INFO - app.py:130 - Zatrzymuję moduł: traffic_monitor
2025-04-15 15:00:15 - ACL.System - INFO - app.py:118 - Uruchamiam moduł: traffic_monitor
2025-04-15 15:01:41 - ACL.System - INFO - app.py:118 - Uruchamiam moduł: bandwidth_limiter
2025-04-15 15:01:41 - ACL.System - INFO - bandwidth_limiter.py:55 - Monitorowanie ruchu zostało uruchomione.
2025-04-15 15:01:43 - ACL.System - INFO - app.py:118 - Uruchamiam moduł: syn_flood
2025-04-15 15:01:44 - ACL.System - INFO - app.py:118 - Uruchamiam moduł: dns_ampl
2025-04-15 15:01:45 - ACL.System - INFO - app.py:118 - Uruchamiam moduł: udp_flood
2025-04-15 15:01:45 - ACL.System - INFO - app.py:118 - Uruchamiam moduł: ntp_ampl
2025-04-15 15:01:47 - ACL.System - INFO - app.py:118 - Uruchamiam moduł: bypass_protection
2025-04-15 15:01:48 - ACL.System - INFO - app.py:118 - Uruchamiam moduł: network_traffic
2025-04-18 14:00:55 - ACL.System - INFO - app.py:121 - Uruchamiam moduł: traffic_monitor
2025-04-18 14:00:57 - ACL.System - INFO - app.py:133 - Zatrzymuję moduł: traffic_monitor
2025-04-18 14:00:57 - ACL.System - INFO - app.py:133 - Zatrzymuję moduł: traffic_monitor
2025-04-18 14:01:18 - ACL.System - INFO - app.py:121 - Uruchamiam moduł: traffic_monitor
2025-04-18 14:01:20 - ACL.System - INFO - app.py:133 - Zatrzymuję moduł: traffic_monitor
2025-04-18 14:01:20 - ACL.System - INFO - app.py:133 - Zatrzymuję moduł: traffic_monitor
2025-04-18 14:01:22 - ACL.System - INFO - app.py:133 - Zatrzymuję moduł: traffic_monitor
2025-04-18 14:01:24 - ACL.System - INFO - app.py:133 - Zatrzymuję moduł: traffic_monitor
2025-04-18 14:02:17 - ACL.System - INFO - app.py:121 - Uruchamiam moduł: traffic_monitor
2025-04-18 14:02:18 - ACL.System - INFO - app.py:133 - Zatrzymuję moduł: traffic_monitor
2025-04-18 14:02:19 - ACL.System - INFO - app.py:133 - Zatrzymuję moduł: traffic_monitor
2025-04-18 14:02:20 - ACL.System - INFO - app.py:133 - Zatrzymuję moduł: traffic_monitor
2025-04-18 14:02:22 - ACL.System - INFO - app.py:121 - Uruchamiam moduł: traffic_monitor
2025-04-18 14:02:22 - ACL.System - INFO - app.py:133 - Zatrzymuję moduł: traffic_monitor
2025-04-18 14:02:23 - ACL.System - INFO - app.py:133 - Zatrzymuję moduł: traffic_monitor
2025-04-18 14:02:24 - ACL.System - INFO - app.py:133 - Zatrzymuję moduł: traffic_monitor
2025-04-18 14:02:24 - ACL.System - INFO - app.py:133 - Zatrzymuję moduł: traffic_monitor
2025-04-18 14:02:24 - ACL.System - INFO - app.py:133 - Zatrzymuję moduł: traffic_monitor
2025-04-18 14:02:25 - ACL.System - INFO - app.py:133 - Zatrzymuję moduł: traffic_monitor
2025-04-18 14:02:27 - ACL.System - INFO - app.py:133 - Zatrzymuję moduł: traffic_monitor
2025-04-18 14:02:27 - ACL.System - INFO - app.py:133 - Zatrzymuję moduł: traffic_monitor
2025-04-18 14:02:27 - ACL.System - INFO - app.py:133 - Zatrzymuję moduł: traffic_monitor
2025-04-18 14:02:28 - ACL.System - INFO - app.py:133 - Zatrzymuję moduł: traffic_monitor
2025-04-18 14:02:28 - ACL.System - INFO - app.py:133 - Zatrzymuję moduł: traffic_monitor
2025-04-18 14:02:29 - ACL.System - INFO - app.py:133 - Zatrzymuję moduł: traffic_monitor
2025-04-18 14:03:09 - ACL.System - INFO - app.py:133 - Zatrzymuję moduł: traffic_monitor
2025-04-18 14:03:10 - ACL.System - INFO - app.py:133 - Zatrzymuję moduł: traffic_monitor
2025-04-18 14:03:11 - ACL.System - INFO - app.py:121 - Uruchamiam moduł: traffic_monitor
2025-04-18 14:03:11 - ACL.System - INFO - app.py:133 - Zatrzymuję moduł: traffic_monitor
2025-04-18 14:03:12 - ACL.System - INFO - app.py:133 - Zatrzymuję moduł: traffic_monitor
2025-04-18 14:03:14 - ACL.System - INFO - app.py:133 - Zatrzymuję moduł: traffic_monitor
2025-04-18 14:03:14 - ACL.System - INFO - app.py:133 - Zatrzymuję moduł: traffic_monitor
2025-04-18 14:03:15 - ACL.System - INFO - app.py:133 - Zatrzymuję moduł: traffic_monitor
2025-04-18 14:03:17 - ACL.System - INFO - app.py:133 - Zatrzymuję moduł: traffic_monitor
2025-04-18 14:03:17 - ACL.System - INFO - app.py:133 - Zatrzymuję moduł: traffic_monitor
2025-04-18 14:03:17 - ACL.System - INFO - app.py:133 - Zatrzymuję moduł: traffic_monitor
2025-04-18 14:03:27 - ACL.System - INFO - app.py:133 - Zatrzymuję moduł: traffic_monitor
2025-04-18 14:03:28 - ACL.System - INFO - app.py:133 - Zatrzymuję moduł: traffic_monitor
2025-04-18 14:03:28 - ACL.System - INFO - app.py:133 - Zatrzymuję moduł: traffic_monitor
2025-04-18 14:03:28 - ACL.System - INFO - app.py:133 - Zatrzymuję moduł: traffic_monitor
2025-04-18 14:03:51 - ACL.System - INFO - app.py:121 - Uruchamiam moduł: traffic_monitor
2025-04-18 14:03:52 - ACL.System - INFO - app.py:133 - Zatrzymuję moduł: traffic_monitor
2025-04-18 14:03:52 - ACL.System - INFO - app.py:133 - Zatrzymuję moduł: traffic_monitor
2025-04-18 14:03:53 - ACL.System - INFO - app.py:133 - Zatrzymuję moduł: traffic_monitor
2025-04-18 14:03:53 - ACL.System - INFO - app.py:133 - Zatrzymuję moduł: traffic_monitor
2025-04-18 14:03:53 - ACL.System - INFO - app.py:133 - Zatrzymuję moduł: traffic_monitor
2025-04-18 14:03:54 - ACL.System - INFO - app.py:121 - Uruchamiam moduł: traffic_monitor
2025-04-18 14:03:54 - ACL.System - INFO - app.py:133 - Zatrzymuję moduł: traffic_monitor
2025-04-18 14:03:55 - ACL.System - INFO - app.py:133 - Zatrzymuję moduł: traffic_monitor
2025-04-18 14:03:56 - ACL.System - INFO - app.py:121 - Uruchamiam moduł: traffic_monitor
2025-04-18 14:03:56 - ACL.System - INFO - app.py:133 - Zatrzymuję moduł: traffic_monitor
2025-04-18 14:03:57 - ACL.System - INFO - app.py:121 - Uruchamiam moduł: traffic_monitor
2025-04-18 14:03:58 - ACL.System - INFO - app.py:133 - Zatrzymuję moduł: traffic_monitor
2025-04-18 14:04:00 - ACL.System - INFO - app.py:133 - Zatrzymuję moduł: traffic_monitor
2025-04-18 14:04:26 - ACL.System - INFO - app.py:133 - Zatrzymuję moduł: traffic_monitor
2025-04-18 14:04:31 - ACL.System - INFO - app.py:133 - Zatrzymuję moduł: traffic_monitor
2025-04-18 14:04:31 - ACL.System - INFO - app.py:133 - Zatrzymuję moduł: traffic_monitor
2025-04-18 14:04:32 - ACL.System - INFO - app.py:133 - Zatrzymuję moduł: traffic_monitor
2025-04-18 14:04:32 - ACL.System - INFO - app.py:121 - Uruchamiam moduł: traffic_monitor
2025-04-18 14:04:33 - ACL.System - INFO - app.py:133 - Zatrzymuję moduł: traffic_monitor
2025-04-18 14:04:33 - ACL.System - INFO - app.py:133 - Zatrzymuję moduł: traffic_monitor
2025-04-18 14:04:33 - ACL.System - INFO - app.py:133 - Zatrzymuję moduł: traffic_monitor
2025-04-18 14:04:33 - ACL.System - INFO - app.py:133 - Zatrzymuję moduł: traffic_monitor
2025-04-18 14:04:33 - ACL.System - INFO - app.py:133 - Zatrzymuję moduł: traffic_monitor
2025-04-18 14:04:33 - ACL.System - INFO - app.py:133 - Zatrzymuję moduł: traffic_monitor
2025-04-18 14:04:34 - ACL.System - INFO - app.py:133 - Zatrzymuję moduł: traffic_monitor
2025-04-18 14:06:24 - ACL.System - INFO - app.py:133 - Zatrzymuję moduł: traffic_monitor
2025-04-18 14:06:25 - ACL.System - INFO - app.py:133 - Zatrzymuję moduł: traffic_monitor
2025-04-18 14:06:28 - ACL.System - INFO - app.py:133 - Zatrzymuję moduł: traffic_monitor
2025-04-18 14:06:28 - ACL.System - INFO - app.py:133 - Zatrzymuję moduł: traffic_monitor
2025-04-18 14:06:29 - ACL.System - INFO - app.py:133 - Zatrzymuję moduł: traffic_monitor
2025-04-18 14:06:29 - ACL.System - INFO - app.py:133 - Zatrzymuję moduł: traffic_monitor
2025-04-18 14:06:30 - ACL.System - INFO - app.py:121 - Uruchamiam moduł: traffic_monitor
2025-04-18 14:06:31 - ACL.System - INFO - app.py:133 - Zatrzymuję moduł: traffic_monitor
2025-04-18 14:06:32 - ACL.System - INFO - app.py:133 - Zatrzymuję moduł: traffic_monitor
2025-04-18 14:06:34 - ACL.System - INFO - app.py:121 - Uruchamiam moduł: traffic_monitor
2025-04-18 14:06:35 - ACL.System - INFO - app.py:133 - Zatrzymuję moduł: traffic_monitor
2025-04-18 14:06:37 - ACL.System - INFO - app.py:133 - Zatrzymuję moduł: traffic_monitor
2025-04-18 14:06:40 - ACL.System - INFO - app.py:121 - Uruchamiam moduł: traffic_monitor
2025-04-18 14:06:41 - ACL.System - INFO - app.py:133 - Zatrzymuję moduł: traffic_monitor
2025-04-18 14:06:43 - ACL.System - INFO - app.py:133 - Zatrzymuję moduł: traffic_monitor
2025-04-18 14:06:45 - ACL.System - INFO - app.py:133 - Zatrzymuję moduł: bandwidth_limiter
2025-04-18 14:06:46 - ACL.System - INFO - app.py:121 - Uruchamiam moduł: traffic_monitor
2025-04-18 14:06:48 - ACL.System - INFO - app.py:133 - Zatrzymuję moduł: traffic_monitor
2025-04-18 14:06:49 - ACL.System - INFO - app.py:133 - Zatrzymuję moduł: traffic_monitor
2025-04-18 14:06:50 - ACL.System - INFO - app.py:121 - Uruchamiam moduł: bandwidth_limiter
2025-04-18 14:06:50 - ACL.System - INFO - bandwidth_limiter.py:55 - Monitorowanie ruchu zostało uruchomione.
2025-04-18 14:06:50 - ACL.System - INFO - app.py:121 - Uruchamiam moduł: traffic_monitor
2025-04-18 14:06:51 - ACL.System - INFO - app.py:133 - Zatrzymuję moduł: traffic_monitor
2025-04-18 14:06:52 - ACL.System - INFO - app.py:133 - Zatrzymuję moduł: bandwidth_limiter
2025-04-18 14:06:52 - ACL.System - INFO - bandwidth_limiter.py:73 - Monitorowanie ruchu zostało zatrzymane.
2025-04-18 14:06:54 - ACL.System - INFO - app.py:133 - Zatrzymuję moduł: bandwidth_limiter
2025-04-18 14:06:57 - ACL.System - INFO - app.py:121 - Uruchamiam moduł: syn_flood
2025-04-18 14:06:58 - ACL.System - INFO - app.py:133 - Zatrzymuję moduł: syn_flood
2025-04-18 14:06:59 - ACL.System - INFO - app.py:121 - Uruchamiam moduł: udp_flood
2025-04-18 14:07:00 - ACL.System - INFO - app.py:133 - Zatrzymuję moduł: udp_flood
2025-04-18 14:07:02 - ACL.System - INFO - app.py:121 - Uruchamiam moduł: traffic_monitor
2025-04-18 14:07:03 - ACL.System - INFO - app.py:133 - Zatrzymuję moduł: traffic_monitor
2025-04-23 11:45:20 - ACL.System - INFO - app.py:194 - Uruchamiam moduł: traffic_monitor
2025-05-04 11:23:49 - ACL.System - INFO - app.py:226 - [ADMIN] admin started module: traffic_monitor
2025-05-04 11:35:42 - ACL.System - INFO - app.py:225 - [ADMIN] admin started module: traffic_monitor
2025-05-04 11:35:45 - ACL.System - INFO - app.py:242 - [ADMIN] admin stopped module: traffic_monitor
2025-05-04 11:35:46 - ACL.System - INFO - app.py:242 - [ADMIN] admin stopped module: traffic_monitor
2025-05-04 11:35:47 - ACL.System - INFO - app.py:242 - [ADMIN] admin stopped module: traffic_monitor
2025-05-04 11:35:49 - ACL.System - INFO - app.py:242 - [ADMIN] admin stopped module: traffic_monitor
2025-05-04 11:35:50 - ACL.System - INFO - app.py:225 - [ADMIN] admin started module: traffic_monitor
2025-05-04 11:46:31 - ACL.System - WARNING - app.py:223 - [MODERATOR] kacper started module: traffic_monitor
2025-05-04 11:46:32 - ACL.System - WARNING - app.py:240 - [MODERATOR] kacper stopped module: traffic_monitor
2025-05-04 11:46:33 - ACL.System - WARNING - app.py:240 - [MODERATOR] kacper stopped module: traffic_monitor
2025-05-04 11:47:00 - ACL.System - INFO - app.py:225 - [ADMIN] admin started module: traffic_monitor
2025-05-08 16:30:40 - ACL.System - INFO - app.py:226 - [ADMIN] admin started module: traffic_monitor
2025-05-08 16:30:59 - ACL.System - INFO - app.py:226 - [ADMIN] admin started module: bandwidth_limiter
2025-05-08 16:30:59 - ACL.System - INFO - bandwidth_limiter.py:55 - Monitorowanie ruchu zostało uruchomione.
2025-05-08 16:31:00 - ACL.System - INFO - app.py:226 - [ADMIN] admin started module: syn_flood
2025-05-09 08:23:38 - ACL.System - INFO - app.py:226 - [ADMIN] admin started module: traffic_monitor
2025-05-09 08:35:16 - ACL.System - INFO - app.py:226 - [ADMIN] admin started module: bandwidth_limiter
2025-05-09 08:35:16 - ACL.System - INFO - bandwidth_limiter.py:56 - Bandwidth limiter został uruchomiony.
2025-05-09 08:39:32 - ACL.System - INFO - app.py:226 - [ADMIN] admin started module: bandwidth_limiter
2025-05-09 08:39:32 - ACL.System - INFO - bandwidth_limiter.py:73 - Bandwidth limiter został uruchomiony.
2025-05-09 08:42:02 - ACL.System - INFO - app.py:226 - [ADMIN] admin started module: bandwidth_limiter
2025-05-09 08:42:02 - ACL.System - INFO - bandwidth_limiter.py:67 - Bandwidth limiter został uruchomiony.
2025-05-09 08:46:02 - ACL.System - WARNING - bandwidth_limiter.py:48 - WYKRYTO ATAK: 51.83.131.60 - 83.00 MB / 10 s
2025-05-09 08:46:02 - ACL.System - WARNING - acl.py:39 - ACL: ZABLOKOWANO IP: 51.83.131.60 (Powód: Zbyt duże zużycie pasma)
2025-05-09 08:47:02 - ACL.System - INFO - acl.py:56 - ACL: ODBLOKOWANO IP: 51.83.131.60 po 60 sekundach
2025-05-09 08:57:08 - ACL.System - INFO - app.py:226 - [ADMIN] admin started module: syn_flood
2025-05-09 08:57:08 - ACL.System - INFO - syn_flood.py:65 - 🛡️ Ochrona przed SYN flood uruchomiona
2025-05-09 08:59:45 - ACL.System - INFO - app.py:226 - [ADMIN] admin started module: bandwidth_limiter
2025-05-09 08:59:45 - ACL.System - INFO - bandwidth_limiter.py:67 - Bandwidth limiter został uruchomiony.
2025-05-09 09:00:12 - ACL.System - INFO - app.py:226 - [ADMIN] admin started module: syn_flood
2025-05-09 09:00:12 - ACL.System - INFO - syn_flood.py:70 - 🛡️ Ochrona przed SYN flood uruchomiona
2025-05-09 09:02:15 - ACL.System - INFO - app.py:226 - [ADMIN] admin started module: udp_flood
2025-05-09 09:02:15 - ACL.System - INFO - app.py:226 - [ADMIN] admin started module: dns_ampl
2025-05-09 09:02:15 - ACL.System - INFO - app.py:226 - [ADMIN] admin started module: ntp_ampl
2025-05-09 09:02:16 - ACL.System - INFO - app.py:226 - [ADMIN] admin started module: bypass_protection
2025-05-09 09:02:17 - ACL.System - INFO - app.py:226 - [ADMIN] admin started module: AI.ai_traffic_monitor
2025-05-09 09:02:19 - ACL.System - INFO - app.py:226 - [ADMIN] admin started module: network_traffic
2025-05-09 09:02:35 - ACL.System - INFO - app.py:226 - [ADMIN] admin started module: traffic_monitor
2025-05-09 09:02:36 - ACL.System - WARNING - acl.py:39 - ACL: ZABLOKOWANO IP: 79.139.113.14 (Powód: Bypass Firewall Attack)
2025-05-09 09:03:06 - ACL.System - INFO - acl.py:56 - ACL: ODBLOKOWANO IP: 79.139.113.14 po 30 sekundach
2025-05-09 09:03:10 - ACL.System - INFO - app.py:243 - [ADMIN] admin stopped module: bypass_protection
2025-05-09 09:06:52 - ACL.System - INFO - app.py:243 - [ADMIN] admin stopped module: AI.ai_traffic_monitor
2025-05-09 09:22:52 - ACL.System - INFO - app.py:226 - [ADMIN] admin started module: udp_flood
2025-05-09 09:25:30 - ACL.System - INFO - app.py:226 - [ADMIN] admin started module: dns_ampl
2025-05-09 09:27:04 - ACL.System - INFO - app.py:226 - [ADMIN] admin started module: ntp_ampl
2025-05-09 09:28:19 - ACL.System - INFO - app.py:226 - [ADMIN] admin started module: bypass_protection
2025-05-09 09:28:49 - ACL.System - WARNING - acl.py:39 - ACL: ZABLOKOWANO IP: 79.139.113.14 (Powód: Bypass Firewall Attack)
2025-05-09 09:29:19 - ACL.System - INFO - acl.py:56 - ACL: ODBLOKOWANO IP: 79.139.113.14 po 30 sekundach
2025-05-09 09:29:49 - ACL.System - WARNING - acl.py:39 - ACL: ZABLOKOWANO IP: 79.139.113.14 (Powód: Bypass Firewall Attack)
2025-05-09 09:30:19 - ACL.System - INFO - acl.py:56 - ACL: ODBLOKOWANO IP: 79.139.113.14 po 30 sekundach
2025-05-09 09:30:39 - ACL.System - WARNING - acl.py:39 - ACL: ZABLOKOWANO IP: 79.139.113.14 (Powód: Bypass Firewall Attack)
2025-05-09 09:31:09 - ACL.System - INFO - acl.py:56 - ACL: ODBLOKOWANO IP: 79.139.113.14 po 30 sekundach
2025-05-09 09:31:19 - ACL.System - WARNING - acl.py:39 - ACL: ZABLOKOWANO IP: 79.139.113.14 (Powód: Bypass Firewall Attack)
2025-05-09 09:31:49 - ACL.System - INFO - acl.py:56 - ACL: ODBLOKOWANO IP: 79.139.113.14 po 30 sekundach
2025-05-09 09:32:09 - ACL.System - WARNING - acl.py:39 - ACL: ZABLOKOWANO IP: 79.139.113.14 (Powód: Bypass Firewall Attack)
2025-05-09 09:32:39 - ACL.System - INFO - acl.py:56 - ACL: ODBLOKOWANO IP: 79.139.113.14 po 30 sekundach
2025-05-09 09:32:49 - ACL.System - WARNING - acl.py:39 - ACL: ZABLOKOWANO IP: 79.139.113.14 (Powód: Bypass Firewall Attack)
2025-05-09 09:33:19 - ACL.System - INFO - acl.py:56 - ACL: ODBLOKOWANO IP: 79.139.113.14 po 30 sekundach
2025-05-09 09:33:23 - ACL.System - INFO - app.py:243 - [ADMIN] admin stopped module: bypass_protection
2025-05-09 09:35:39 - ACL.System - INFO - app.py:226 - [ADMIN] admin started module: bypass_protection
2025-05-09 09:36:08 - ACL.System - INFO - app.py:243 - [ADMIN] admin stopped module: bypass_protection
2025-05-09 09:36:09 - ACL.System - WARNING - acl.py:39 - ACL: ZABLOKOWANO IP: 79.139.113.14 (Powód: Bypass Firewall Attack)
2025-05-09 09:36:39 - ACL.System - INFO - acl.py:56 - ACL: ODBLOKOWANO IP: 79.139.113.14 po 30 sekundach
2025-05-09 15:38:33 - ACL.System - INFO - app.py:226 - [ADMIN] admin started module: bandwidth_limiter
2025-05-09 15:38:33 - ACL.System - INFO - bandwidth_limiter.py:67 - Bandwidth limiter został uruchomiony.
2025-05-09 15:39:58 - ACL.System - INFO - app.py:243 - [ADMIN] admin stopped module: bandwidth_limiter
2025-05-09 15:39:58 - ACL.System - INFO - bandwidth_limiter.py:93 - Zatrzymano bandwidth limiter.
2025-05-09 15:39:59 - ACL.System - INFO - app.py:243 - [ADMIN] admin stopped module: bandwidth_limiter
2025-05-09 15:40:00 - ACL.System - INFO - app.py:226 - [ADMIN] admin started module: bandwidth_limiter
2025-05-09 15:40:00 - ACL.System - INFO - bandwidth_limiter.py:67 - Bandwidth limiter został uruchomiony.
2025-05-09 15:42:35 - ACL.System - INFO - app.py:226 - [ADMIN] admin started module: bandwidth_limiter
2025-05-09 15:42:35 - ACL.System - INFO - bandwidth_limiter.py:70 - Bandwidth limiter został uruchomiony.
2025-05-09 15:42:43 - ACL.System - INFO - app.py:243 - [ADMIN] admin stopped module: bandwidth_limiter
2025-05-09 15:42:43 - ACL.System - INFO - bandwidth_limiter.py:96 - Zatrzymano bandwidth limiter.
2025-05-09 15:42:48 - ACL.System - INFO - app.py:226 - [ADMIN] admin started module: bandwidth_limiter
2025-05-09 15:42:48 - ACL.System - INFO - bandwidth_limiter.py:70 - Bandwidth limiter został uruchomiony.
2025-05-09 15:43:48 - ACL.System - INFO - app.py:226 - [ADMIN] admin started module: bandwidth_limiter
2025-05-09 15:43:48 - ACL.System - INFO - bandwidth_limiter.py:70 - Bandwidth limiter został uruchomiony.
2025-05-09 15:45:16 - ACL.System - INFO - app.py:243 - [ADMIN] admin stopped module: bandwidth_limiter
2025-05-09 15:45:16 - ACL.System - INFO - bandwidth_limiter.py:96 - Zatrzymano bandwidth limiter.
2025-05-09 15:45:23 - ACL.System - INFO - app.py:226 - [ADMIN] admin started module: bandwidth_limiter
2025-05-09 15:45:23 - ACL.System - INFO - bandwidth_limiter.py:70 - Bandwidth limiter został uruchomiony.
2025-05-09 15:47:51 - ACL.System - INFO - app.py:226 - [ADMIN] admin started module: bandwidth_limiter
2025-05-09 15:47:51 - ACL.System - INFO - bandwidth_limiter.py:70 - Bandwidth limiter został uruchomiony.
2025-05-09 15:48:36 - ACL.System - INFO - app.py:226 - [ADMIN] admin started module: bandwidth_limiter
2025-05-09 15:48:36 - ACL.System - INFO - bandwidth_limiter.py:73 - Bandwidth limiter został uruchomiony.
2025-05-09 15:49:00 - ACL.System - INFO - app.py:243 - [ADMIN] admin stopped module: bandwidth_limiter
2025-05-09 15:49:00 - ACL.System - INFO - bandwidth_limiter.py:99 - Zatrzymano bandwidth limiter.
2025-05-09 15:49:01 - ACL.System - INFO - app.py:243 - [ADMIN] admin stopped module: bandwidth_limiter
2025-05-09 15:49:21 - ACL.System - INFO - app.py:226 - [ADMIN] admin started module: bandwidth_limiter
2025-05-09 15:49:21 - ACL.System - INFO - bandwidth_limiter.py:73 - Bandwidth limiter został uruchomiony.
2025-05-09 15:49:39 - ACL.System - INFO - app.py:243 - [ADMIN] admin stopped module: bandwidth_limiter
2025-05-09 15:49:39 - ACL.System - INFO - bandwidth_limiter.py:99 - Zatrzymano bandwidth limiter.
2025-05-09 16:24:03 - ACL.System - INFO - app.py:227 - [ADMIN] admin started module: bandwidth_limiter
2025-05-09 16:24:03 - ACL.System - INFO - bandwidth_limiter.py:73 - Bandwidth limiter został uruchomiony.
2025-05-09 16:40:50 - ACL.System - INFO - app.py:227 - [ADMIN] admin started module: bandwidth_limiter
2025-05-09 16:40:50 - ACL.System - INFO - bandwidth_limiter.py:73 - Bandwidth limiter został uruchomiony.
2025-05-09 16:40:51 - ACL.System - INFO - app.py:244 - [ADMIN] admin stopped module: bandwidth_limiter
2025-05-09 16:40:51 - ACL.System - INFO - bandwidth_limiter.py:99 - Zatrzymano bandwidth limiter.
2025-05-09 16:40:52 - ACL.System - INFO - app.py:244 - [ADMIN] admin stopped module: bandwidth_limiter
2025-05-09 16:44:11 - ACL.System - INFO - app.py:244 - [ADMIN] admin stopped module: bandwidth_limiter
2025-05-09 16:48:24 - ACL.System - INFO - app.py:227 - [ADMIN] admin started module: syn_flood
2025-05-09 16:48:24 - ACL.System - INFO - syn_flood.py:78 - 🛡️ Ochrona przed SYN flood uruchomiona
2025-05-09 16:48:43 - ACL.System - INFO - app.py:244 - [ADMIN] admin stopped module: syn_flood
2025-05-09 16:48:43 - ACL.System - INFO - syn_flood.py:93 - 🛑 Ochrona przed SYN flood zatrzymana
2025-05-09 16:52:33 - ACL.System - INFO - app.py:227 - [ADMIN] admin started module: udp_flood
2025-05-09 16:53:05 - ACL.System - INFO - app.py:244 - [ADMIN] admin stopped module: udp_flood
2025-05-09 16:53:08 - ACL.System - INFO - app.py:227 - [ADMIN] admin started module: udp_flood
2025-05-09 16:53:59 - ACL.System - INFO - app.py:244 - [ADMIN] admin stopped module: udp_flood
2025-05-09 16:56:39 - ACL.System - INFO - app.py:227 - [ADMIN] admin started module: udp_flood
2025-05-09 16:56:50 - ACL.System - INFO - app.py:244 - [ADMIN] admin stopped module: udp_flood
2025-05-09 17:27:03 - ACL.System - INFO - app.py:244 - [ADMIN] admin stopped module: udp_flood
2025-05-09 17:27:09 - ACL.System - INFO - app.py:227 - [ADMIN] admin started module: dns_ampl
2025-05-09 17:27:09 - ACL.System - INFO - dns_ampl.py:69 - 🛡️ Ochrona przed DNS Amplification uruchomiona
2025-05-09 17:27:19 - ACL.System - INFO - app.py:244 - [ADMIN] admin stopped module: dns_ampl
2025-05-09 17:27:19 - ACL.System - INFO - dns_ampl.py:83 - 🛑 Ochrona DNS Amplification zatrzymana
